TN:
SF:/home/user/Documents/projects/xegara-nft/contracts/dividend.sol
FN:30,initialize
FN:45,deposit_dividend
FN:54,calculate_dividend
FN:72,claim_dividend
FN:92,trackShares
FN:140,DividendAmount
FNF:6
FNH:5
FNDA:3,initialize
FNDA:1,deposit_dividend
FNDA:2,calculate_dividend
FNDA:0,claim_dividend
FNDA:27,trackShares
FNDA:1,DividendAmount
DA:31,3
DA:32,3
DA:33,3
DA:34,3
DA:35,3
DA:36,3
DA:37,3
DA:46,1
DA:47,1
DA:48,1
DA:55,2
DA:58,2
DA:61,2
DA:63,3
DA:74,0
DA:77,0
DA:80,0
DA:83,0
DA:94,27
DA:97,27
DA:102,27
DA:105,27
DA:107,0
DA:110,27
DA:112,27
DA:114,27
DA:119,27
DA:123,0
DA:124,0
DA:125,0
DA:126,0
DA:127,0
DA:129,0
DA:130,0
DA:131,0
DA:132,0
DA:136,0
DA:143,1
DA:144,1
LF:39
LH:24
BRDA:46,1,0,1
BRDA:46,1,1,0
BRDA:77,2,0,0
BRDA:77,2,1,0
BRDA:94,3,0,27
BRDA:94,3,1,0
BRDA:97,4,0,27
BRDA:97,4,1,0
BRDA:105,5,0,0
BRDA:105,5,1,27
BRDA:119,6,0,0
BRDA:119,6,1,27
BRDA:133,7,0,0
BRDA:133,7,1,27
BRDA:143,8,0,1
BRDA:143,8,1,0
BRF:16
BRH:7
end_of_record
TN:
SF:/home/user/Documents/projects/xegara-nft/contracts/factory.sol
FN:19,onlyOperator
FN:33,initialize
FN:47,addOperator
FN:56,createDividend
FN:77,updateDividendTemplate
FN:82,viewDividenAddress
FNF:6
FNH:4
FNDA:3,onlyOperator
FNDA:143,initialize
FNDA:0,addOperator
FNDA:3,createDividend
FNDA:0,updateDividendTemplate
FNDA:58,viewDividenAddress
DA:20,3
DA:21,3
DA:34,143
DA:35,143
DA:36,143
DA:37,143
DA:38,143
DA:39,143
DA:40,143
DA:41,143
DA:42,143
DA:43,143
DA:44,143
DA:48,0
DA:49,0
DA:57,3
DA:58,3
DA:59,3
DA:64,3
DA:65,3
DA:73,3
DA:74,3
DA:78,0
DA:79,0
DA:85,58
LF:25
LH:21
BRDA:20,1,0,3
BRDA:20,1,1,0
BRDA:34,2,0,143
BRDA:34,2,1,0
BRDA:35,3,0,143
BRDA:35,3,1,0
BRDA:36,4,0,143
BRDA:36,4,1,0
BRDA:37,5,0,143
BRDA:37,5,1,0
BRDA:48,6,0,0
BRDA:48,6,1,0
BRDA:57,7,0,3
BRDA:57,7,1,0
BRDA:78,8,0,0
BRDA:78,8,1,0
BRF:16
BRH:6
end_of_record
TN:
SF:/home/user/Documents/projects/xegara-nft/contracts/interface/IDividend.sol
FNF:0
FNH:0
LF:0
LH:0
BRF:0
BRH:0
end_of_record
TN:
SF:/home/user/Documents/projects/xegara-nft/contracts/interface/IFactory.sol
FNF:0
FNH:0
LF:0
LH:0
BRF:0
BRH:0
end_of_record
TN:
SF:/home/user/Documents/projects/xegara-nft/contracts/interface/IXegaraNFT.sol
FNF:0
FNH:0
LF:0
LH:0
BRF:0
BRH:0
end_of_record
TN:
SF:/home/user/Documents/projects/xegara-nft/contracts/Library/structs.sol
FNF:0
FNH:0
LF:0
LH:0
BRF:0
BRH:0
end_of_record
TN:
SF:/home/user/Documents/projects/xegara-nft/contracts/mock/mockXARToken.sol
FN:10,constructor
FN:14,mint
FN:18,transferFrom
FNF:3
FNH:3
FNDA:33,constructor
FNDA:6,mint
FNDA:29,transferFrom
DA:11,33
DA:15,6
DA:23,29
DA:24,29
LF:4
LH:4
BRF:0
BRH:0
end_of_record
TN:
SF:/home/user/Documents/projects/xegara-nft/contracts/upgradeability/OwnedUpgradeabilityProxy.sol
FN:36,constructor
FN:44,maintenance
FN:54,setMaintenance
FN:65,proxyOwner
FN:75,setUpgradeabilityOwner
FN:86,transferProxyOwnership
FN:96,upgradeTo
FN:110,upgradeToAndCall
FN:120,
FN:132,implementation
FN:143,setImplementation
FN:154,_upgradeTo
FN:164,_fallback
FN:193,onlyProxyOwner
FNF:14
FNH:0
FNDA:0,constructor
FNDA:0,maintenance
FNDA:0,setMaintenance
FNDA:0,proxyOwner
FNDA:0,setUpgradeabilityOwner
FNDA:0,transferProxyOwnership
FNDA:0,upgradeTo
FNDA:0,upgradeToAndCall
FNDA:0,
FNDA:0,implementation
FNDA:0,setImplementation
FNDA:0,_upgradeTo
FNDA:0,_fallback
FNDA:0,onlyProxyOwner
DA:37,0
DA:45,0
DA:46,0
DA:55,0
DA:56,0
DA:66,0
DA:67,0
DA:76,0
DA:77,0
DA:87,0
DA:88,0
DA:89,0
DA:97,0
DA:111,0
DA:112,0
DA:113,0
DA:121,0
DA:125,0
DA:133,0
DA:134,0
DA:144,0
DA:145,0
DA:155,0
DA:156,0
DA:160,0
DA:161,0
DA:165,0
DA:166,0
DA:171,0
DA:172,0
DA:173,0
DA:194,0
DA:198,0
LF:33
LH:0
BRDA:87,1,0,0
BRDA:87,1,1,0
BRDA:113,2,0,0
BRDA:113,2,1,0
BRDA:156,3,0,0
BRDA:156,3,1,0
BRDA:165,4,0,0
BRDA:165,4,1,0
BRDA:166,5,0,0
BRDA:166,5,1,0
BRDA:172,6,0,0
BRDA:172,6,1,0
BRDA:194,7,0,0
BRDA:194,7,1,0
BRF:14
BRH:0
end_of_record
TN:
SF:/home/user/Documents/projects/xegara-nft/contracts/XegaraNFT.sol
FN:38,onlyAdmin
FN:60,initialize
FN:81,verifyNFTDetails
FN:106,verifyBuyDetails
FN:132,verifyNFTListing
FN:158,createToken
FN:183,buyToken
FN:249,setCounter
FN:274,resetVoucherCounter
FN:289,_mint
FN:312,mintBatch
FN:327,safeBurn
FN:340,safeTransferFrom
FN:357,tokenSupply
FN:367,updateFactory
FN:377,updatePlatformFee
FNF:16
FNH:13
FNDA:19,onlyAdmin
FNDA:107,initialize
FNDA:3,verifyNFTDetails
FNDA:27,verifyBuyDetails
FNDA:27,verifyNFTListing
FNDA:3,createToken
FNDA:27,buyToken
FNDA:27,setCounter
FNDA:0,resetVoucherCounter
FNDA:3,_mint
FNDA:15,mintBatch
FNDA:3,safeBurn
FNDA:4,safeTransferFrom
FNDA:4,tokenSupply
FNDA:0,updateFactory
FNDA:0,updatePlatformFee
DA:39,19
DA:40,18
DA:61,107
DA:62,106
DA:63,105
DA:64,104
DA:65,104
DA:66,104
DA:67,104
DA:68,104
DA:69,104
DA:70,104
DA:71,104
DA:72,104
DA:73,104
DA:84,3
DA:98,3
DA:109,27
DA:124,27
DA:135,27
DA:150,27
DA:159,3
DA:160,3
DA:161,3
DA:164,3
DA:170,3
DA:171,3
DA:184,27
DA:185,27
DA:186,27
DA:187,27
DA:192,27
DA:193,27
DA:194,27
DA:195,27
DA:196,27
DA:198,27
DA:199,27
DA:200,27
DA:201,13
DA:202,13
DA:203,13
DA:204,13
DA:205,13
DA:207,14
DA:212,14
DA:217,14
DA:223,27
DA:224,27
DA:225,27
DA:232,27
DA:234,27
DA:254,27
DA:256,27
DA:258,27
DA:259,14
DA:261,13
DA:263,27
DA:265,27
DA:266,27
DA:277,0
DA:278,0
DA:279,0
DA:295,3
DA:296,3
DA:313,15
DA:328,3
DA:347,4
DA:348,3
DA:358,4
DA:359,3
DA:368,0
DA:369,0
DA:378,0
DA:379,0
LF:75
LH:68
BRDA:39,1,0,18
BRDA:39,1,1,1
BRDA:61,2,0,106
BRDA:61,2,1,1
BRDA:62,3,0,105
BRDA:62,3,1,1
BRDA:63,4,0,104
BRDA:63,4,1,1
BRDA:64,5,0,104
BRDA:64,5,1,0
BRDA:159,6,0,3
BRDA:159,6,1,0
BRDA:160,7,0,3
BRDA:160,7,1,0
BRDA:161,8,0,3
BRDA:161,8,1,0
BRDA:184,9,0,27
BRDA:184,9,1,0
BRDA:185,10,0,27
BRDA:185,10,1,0
BRDA:186,11,0,27
BRDA:186,11,1,0
BRDA:187,12,0,27
BRDA:187,12,1,0
BRDA:192,13,0,27
BRDA:192,13,1,0
BRDA:193,14,0,27
BRDA:193,14,1,0
BRDA:195,15,0,27
BRDA:195,15,1,0
BRDA:196,16,0,27
BRDA:196,16,1,0
BRDA:200,17,0,13
BRDA:200,17,1,14
BRDA:201,18,0,13
BRDA:201,18,1,0
BRDA:203,19,0,13
BRDA:203,19,1,0
BRDA:205,20,0,13
BRDA:205,20,1,0
BRDA:207,21,0,14
BRDA:207,21,1,0
BRDA:223,22,0,27
BRDA:223,22,1,0
BRDA:254,23,0,27
BRDA:254,23,1,0
BRDA:258,24,0,14
BRDA:258,24,1,13
BRDA:263,25,0,27
BRDA:263,25,1,0
BRDA:266,26,0,0
BRDA:266,26,1,27
BRDA:277,27,0,0
BRDA:277,27,1,0
BRDA:347,28,0,3
BRDA:347,28,1,1
BRDA:358,29,0,3
BRDA:358,29,1,1
BRDA:368,30,0,0
BRDA:368,30,1,0
BRDA:378,31,0,0
BRDA:378,31,1,0
BRF:62
BRH:36
end_of_record
