{
"contracts/dividend.sol":{"l":{"31":3,"32":3,"33":3,"34":3,"35":3,"36":3,"37":3,"46":1,"47":1,"48":1,"55":2,"58":2,"61":2,"63":3,"74":0,"77":0,"80":0,"83":0,"94":27,"97":27,"102":27,"105":27,"107":0,"110":27,"112":27,"114":27,"119":27,"123":0,"124":0,"125":0,"126":0,"127":0,"129":0,"130":0,"131":0,"132":0,"136":0,"143":1,"144":1},"path":"/home/user/Documents/projects/xegara-nft/contracts/dividend.sol","s":{"1":3,"2":3,"3":3,"4":3,"5":3,"6":3,"7":3,"8":1,"9":1,"10":1,"11":2,"12":2,"13":2,"14":3,"15":0,"16":0,"17":0,"18":0,"19":27,"20":27,"21":27,"22":27,"23":0,"24":27,"25":27,"26":27,"27":27,"28":0,"29":0,"30":0,"31":0,"32":0,"33":0,"34":0,"35":0,"36":27,"37":0,"38":1,"39":1},"b":{"1":[1,0],"2":[0,0],"3":[27,0],"4":[27,0],"5":[0,27],"6":[0,27],"7":[0,27],"8":[1,0]},"f":{"1":3,"2":1,"3":2,"4":0,"5":27,"6":1},"fnMap":{"1":{"name":"initialize","line":30,"loc":{"start":{"line":23,"column":4},"end":{"line":38,"column":4}}},"2":{"name":"deposit_dividend","line":45,"loc":{"start":{"line":45,"column":4},"end":{"line":49,"column":4}}},"3":{"name":"calculate_dividend","line":54,"loc":{"start":{"line":54,"column":4},"end":{"line":67,"column":4}}},"4":{"name":"claim_dividend","line":72,"loc":{"start":{"line":72,"column":4},"end":{"line":84,"column":4}}},"5":{"name":"trackShares","line":92,"loc":{"start":{"line":92,"column":4},"end":{"line":138,"column":4}}},"6":{"name":"DividendAmount","line":140,"loc":{"start":{"line":140,"column":4},"end":{"line":145,"column":4}}}},"statementMap":{"1":{"start":{"line":31,"column":8},"end":{"line":31,"column":25}},"2":{"start":{"line":32,"column":8},"end":{"line":32,"column":21}},"3":{"start":{"line":33,"column":8},"end":{"line":33,"column":41}},"4":{"start":{"line":34,"column":8},"end":{"line":34,"column":17}},"5":{"start":{"line":35,"column":8},"end":{"line":35,"column":25}},"6":{"start":{"line":36,"column":8},"end":{"line":36,"column":56}},"7":{"start":{"line":37,"column":8},"end":{"line":37,"column":33}},"8":{"start":{"line":46,"column":8},"end":{"line":46,"column":66}},"9":{"start":{"line":47,"column":8},"end":{"line":47,"column":27}},"10":{"start":{"line":48,"column":8},"end":{"line":48,"column":65}},"11":{"start":{"line":55,"column":8},"end":{"line":55,"column":57}},"12":{"start":{"line":58,"column":8},"end":{"line":58,"column":79}},"13":{"start":{"line":61,"column":8},"end":{"line":61,"column":2403}},"14":{"start":{"line":63,"column":12},"end":{"line":63,"column":2574}},"15":{"start":{"line":74,"column":8},"end":{"line":74,"column":44}},"16":{"start":{"line":77,"column":8},"end":{"line":77,"column":75}},"17":{"start":{"line":80,"column":8},"end":{"line":80,"column":34}},"18":{"start":{"line":83,"column":8},"end":{"line":83,"column":48}},"19":{"start":{"line":94,"column":8},"end":{"line":94,"column":64}},"20":{"start":{"line":97,"column":8},"end":{"line":97,"column":60}},"21":{"start":{"line":102,"column":8},"end":{"line":102,"column":44}},"22":{"start":{"line":105,"column":8},"end":{"line":105,"column":4155}},"23":{"start":{"line":107,"column":12},"end":{"line":107,"column":31}},"24":{"start":{"line":110,"column":12},"end":{"line":110,"column":32}},"25":{"start":{"line":112,"column":12},"end":{"line":112,"column":30}},"26":{"start":{"line":114,"column":12},"end":{"line":114,"column":28}},"27":{"start":{"line":119,"column":8},"end":{"line":119,"column":4749}},"28":{"start":{"line":123,"column":12},"end":{"line":123,"column":27}},"29":{"start":{"line":124,"column":12},"end":{"line":124,"column":31}},"30":{"start":{"line":125,"column":12},"end":{"line":125,"column":26}},"31":{"start":{"line":126,"column":12},"end":{"line":126,"column":5169}},"32":{"start":{"line":129,"column":12},"end":{"line":129,"column":46}},"33":{"start":{"line":130,"column":12},"end":{"line":130,"column":48}},"34":{"start":{"line":131,"column":12},"end":{"line":131,"column":33}},"35":{"start":{"line":132,"column":12},"end":{"line":132,"column":21}},"36":{"start":{"line":133,"column":15},"end":{"line":133,"column":5408}},"37":{"start":{"line":136,"column":12},"end":{"line":136,"column":33}},"38":{"start":{"line":143,"column":8},"end":{"line":143,"column":63}},"39":{"start":{"line":144,"column":8},"end":{"line":144,"column":39}}},"branchMap":{"1":{"line":46,"type":"if","locations":[{"start":{"line":46,"column":8},"end":{"line":46,"column":8}},{"start":{"line":46,"column":8},"end":{"line":46,"column":8}}]},"2":{"line":77,"type":"if","locations":[{"start":{"line":77,"column":8},"end":{"line":77,"column":8}},{"start":{"line":77,"column":8},"end":{"line":77,"column":8}}]},"3":{"line":94,"type":"if","locations":[{"start":{"line":94,"column":8},"end":{"line":94,"column":8}},{"start":{"line":94,"column":8},"end":{"line":94,"column":8}}]},"4":{"line":97,"type":"if","locations":[{"start":{"line":97,"column":8},"end":{"line":97,"column":8}},{"start":{"line":97,"column":8},"end":{"line":97,"column":8}}]},"5":{"line":105,"type":"if","locations":[{"start":{"line":105,"column":8},"end":{"line":105,"column":8}},{"start":{"line":105,"column":8},"end":{"line":105,"column":8}}]},"6":{"line":119,"type":"if","locations":[{"start":{"line":119,"column":8},"end":{"line":119,"column":8}},{"start":{"line":119,"column":8},"end":{"line":119,"column":8}}]},"7":{"line":133,"type":"if","locations":[{"start":{"line":133,"column":15},"end":{"line":133,"column":15}},{"start":{"line":133,"column":15},"end":{"line":133,"column":15}}]},"8":{"line":143,"type":"if","locations":[{"start":{"line":143,"column":8},"end":{"line":143,"column":8}},{"start":{"line":143,"column":8},"end":{"line":143,"column":8}}]}}},
"contracts/factory.sol":{"l":{"20":3,"21":3,"34":143,"35":143,"36":143,"37":143,"38":143,"39":143,"40":143,"41":143,"42":143,"43":143,"44":143,"48":0,"49":0,"57":3,"58":3,"59":3,"64":3,"65":3,"73":3,"74":3,"78":0,"79":0,"85":58},"path":"/home/user/Documents/projects/xegara-nft/contracts/factory.sol","s":{"1":3,"2":143,"3":143,"4":143,"5":143,"6":143,"7":143,"8":143,"9":143,"10":143,"11":143,"12":143,"13":0,"14":0,"15":3,"16":3,"17":3,"18":3,"19":3,"20":3,"21":3,"22":0,"23":0,"24":58},"b":{"1":[3,0],"2":[143,0],"3":[143,0],"4":[143,0],"5":[143,0],"6":[0,0],"7":[3,0],"8":[0,0]},"f":{"1":3,"2":143,"3":0,"4":3,"5":0,"6":58},"fnMap":{"1":{"name":"onlyOperator","line":19,"loc":{"start":{"line":19,"column":4},"end":{"line":22,"column":4}}},"2":{"name":"initialize","line":33,"loc":{"start":{"line":28,"column":4},"end":{"line":45,"column":4}}},"3":{"name":"addOperator","line":47,"loc":{"start":{"line":47,"column":4},"end":{"line":50,"column":4}}},"4":{"name":"createDividend","line":56,"loc":{"start":{"line":52,"column":4},"end":{"line":75,"column":4}}},"5":{"name":"updateDividendTemplate","line":77,"loc":{"start":{"line":77,"column":4},"end":{"line":80,"column":4}}},"6":{"name":"viewDividenAddress","line":82,"loc":{"start":{"line":82,"column":4},"end":{"line":86,"column":4}}}},"statementMap":{"1":{"start":{"line":20,"column":8},"end":{"line":20,"column":43}},"2":{"start":{"line":34,"column":8},"end":{"line":34,"column":46}},"3":{"start":{"line":35,"column":8},"end":{"line":35,"column":41}},"4":{"start":{"line":36,"column":8},"end":{"line":36,"column":54}},"5":{"start":{"line":37,"column":8},"end":{"line":37,"column":51}},"6":{"start":{"line":38,"column":8},"end":{"line":38,"column":33}},"7":{"start":{"line":39,"column":8},"end":{"line":39,"column":41}},"8":{"start":{"line":40,"column":8},"end":{"line":40,"column":37}},"9":{"start":{"line":41,"column":8},"end":{"line":41,"column":27}},"10":{"start":{"line":42,"column":8},"end":{"line":42,"column":17}},"11":{"start":{"line":43,"column":8},"end":{"line":43,"column":35}},"12":{"start":{"line":44,"column":8},"end":{"line":44,"column":29}},"13":{"start":{"line":48,"column":8},"end":{"line":48,"column":43}},"14":{"start":{"line":49,"column":8},"end":{"line":49,"column":34}},"15":{"start":{"line":57,"column":8},"end":{"line":57,"column":62}},"16":{"start":{"line":58,"column":8},"end":{"line":58,"column":60}},"17":{"start":{"line":59,"column":8},"end":{"line":59,"column":2041}},"18":{"start":{"line":64,"column":8},"end":{"line":64,"column":44}},"19":{"start":{"line":65,"column":8},"end":{"line":65,"column":2204}},"20":{"start":{"line":73,"column":8},"end":{"line":73,"column":49}},"21":{"start":{"line":74,"column":8},"end":{"line":74,"column":24}},"22":{"start":{"line":78,"column":8},"end":{"line":78,"column":45}},"23":{"start":{"line":79,"column":8},"end":{"line":79,"column":27}},"24":{"start":{"line":85,"column":8},"end":{"line":85,"column":40}}},"branchMap":{"1":{"line":20,"type":"if","locations":[{"start":{"line":20,"column":8},"end":{"line":20,"column":8}},{"start":{"line":20,"column":8},"end":{"line":20,"column":8}}]},"2":{"line":34,"type":"if","locations":[{"start":{"line":34,"column":8},"end":{"line":34,"column":8}},{"start":{"line":34,"column":8},"end":{"line":34,"column":8}}]},"3":{"line":35,"type":"if","locations":[{"start":{"line":35,"column":8},"end":{"line":35,"column":8}},{"start":{"line":35,"column":8},"end":{"line":35,"column":8}}]},"4":{"line":36,"type":"if","locations":[{"start":{"line":36,"column":8},"end":{"line":36,"column":8}},{"start":{"line":36,"column":8},"end":{"line":36,"column":8}}]},"5":{"line":37,"type":"if","locations":[{"start":{"line":37,"column":8},"end":{"line":37,"column":8}},{"start":{"line":37,"column":8},"end":{"line":37,"column":8}}]},"6":{"line":48,"type":"if","locations":[{"start":{"line":48,"column":8},"end":{"line":48,"column":8}},{"start":{"line":48,"column":8},"end":{"line":48,"column":8}}]},"7":{"line":57,"type":"if","locations":[{"start":{"line":57,"column":8},"end":{"line":57,"column":8}},{"start":{"line":57,"column":8},"end":{"line":57,"column":8}}]},"8":{"line":78,"type":"if","locations":[{"start":{"line":78,"column":8},"end":{"line":78,"column":8}},{"start":{"line":78,"column":8},"end":{"line":78,"column":8}}]}}},
"contracts/interface/IDividend.sol":{"l":{},"path":"/home/user/Documents/projects/xegara-nft/contracts/interface/IDividend.sol","s":{},"b":{},"f":{},"fnMap":{},"statementMap":{},"branchMap":{}},
"contracts/interface/IFactory.sol":{"l":{},"path":"/home/user/Documents/projects/xegara-nft/contracts/interface/IFactory.sol","s":{},"b":{},"f":{},"fnMap":{},"statementMap":{},"branchMap":{}},
"contracts/interface/IXegaraNFT.sol":{"l":{},"path":"/home/user/Documents/projects/xegara-nft/contracts/interface/IXegaraNFT.sol","s":{},"b":{},"f":{},"fnMap":{},"statementMap":{},"branchMap":{}},
"contracts/Library/structs.sol":{"l":{},"path":"/home/user/Documents/projects/xegara-nft/contracts/Library/structs.sol","s":{},"b":{},"f":{},"fnMap":{},"statementMap":{},"branchMap":{}},
"contracts/mock/mockXARToken.sol":{"l":{"11":33,"15":6,"23":29,"24":29},"path":"/home/user/Documents/projects/xegara-nft/contracts/mock/mockXARToken.sol","s":{"1":33,"2":6,"3":29,"4":29},"b":{},"f":{"1":33,"2":6,"3":29},"fnMap":{"1":{"name":"constructor","line":10,"loc":{"start":{"line":10,"column":4},"end":{"line":12,"column":4}}},"2":{"name":"mint","line":14,"loc":{"start":{"line":14,"column":4},"end":{"line":16,"column":4}}},"3":{"name":"transferFrom","line":18,"loc":{"start":{"line":18,"column":4},"end":{"line":25,"column":4}}}},"statementMap":{"1":{"start":{"line":11,"column":8},"end":{"line":11,"column":52}},"2":{"start":{"line":15,"column":8},"end":{"line":15,"column":24}},"3":{"start":{"line":23,"column":8},"end":{"line":23,"column":30}},"4":{"start":{"line":24,"column":8},"end":{"line":24,"column":43}}},"branchMap":{}},
"contracts/upgradeability/OwnedUpgradeabilityProxy.sol":{"l":{"37":0,"45":0,"46":0,"55":0,"56":0,"66":0,"67":0,"76":0,"77":0,"87":0,"88":0,"89":0,"97":0,"111":0,"112":0,"113":0,"121":0,"125":0,"133":0,"134":0,"144":0,"145":0,"155":0,"156":0,"160":0,"161":0,"165":0,"166":0,"171":0,"172":0,"173":0,"194":0,"198":0},"path":"/home/user/Documents/projects/xegara-nft/contracts/upgradeability/OwnedUpgradeabilityProxy.sol","s":{"1":0,"2":0,"3":0,"4":0,"5":0,"6":0,"7":0,"8":0,"9":0,"10":0,"11":0,"12":0,"13":0,"14":0,"15":0,"16":0,"17":0,"18":0,"19":0,"20":0,"21":0,"22":0,"23":0,"24":0},"b":{"1":[0,0],"2":[0,0],"3":[0,0],"4":[0,0],"5":[0,0],"6":[0,0],"7":[0,0]},"f":{"1":0,"2":0,"3":0,"4":0,"5":0,"6":0,"7":0,"8":0,"9":0,"10":0,"11":0,"12":0,"13":0,"14":0},"fnMap":{"1":{"name":"constructor","line":36,"loc":{"start":{"line":36,"column":4},"end":{"line":38,"column":4}}},"2":{"name":"maintenance","line":44,"loc":{"start":{"line":44,"column":4},"end":{"line":49,"column":4}}},"3":{"name":"setMaintenance","line":54,"loc":{"start":{"line":54,"column":4},"end":{"line":59,"column":4}}},"4":{"name":"proxyOwner","line":65,"loc":{"start":{"line":65,"column":4},"end":{"line":70,"column":4}}},"5":{"name":"setUpgradeabilityOwner","line":75,"loc":{"start":{"line":75,"column":4},"end":{"line":80,"column":4}}},"6":{"name":"transferProxyOwnership","line":86,"loc":{"start":{"line":86,"column":4},"end":{"line":90,"column":4}}},"7":{"name":"upgradeTo","line":96,"loc":{"start":{"line":96,"column":4},"end":{"line":98,"column":4}}},"8":{"name":"upgradeToAndCall","line":110,"loc":{"start":{"line":107,"column":4},"end":{"line":114,"column":4}}},"9":{"name":null,"line":120,"loc":{"start":{"line":120,"column":4},"end":{"line":122,"column":4}}},"10":{"name":"implementation","line":132,"loc":{"start":{"line":132,"column":4},"end":{"line":137,"column":4}}},"11":{"name":"setImplementation","line":143,"loc":{"start":{"line":143,"column":4},"end":{"line":148,"column":4}}},"12":{"name":"_upgradeTo","line":154,"loc":{"start":{"line":154,"column":4},"end":{"line":162,"column":4}}},"13":{"name":"_fallback","line":164,"loc":{"start":{"line":164,"column":4},"end":{"line":188,"column":4}}},"14":{"name":"onlyProxyOwner","line":193,"loc":{"start":{"line":193,"column":4},"end":{"line":199,"column":4}}}},"statementMap":{"1":{"start":{"line":37,"column":8},"end":{"line":37,"column":41}},"2":{"start":{"line":45,"column":8},"end":{"line":45,"column":46}},"3":{"start":{"line":55,"column":8},"end":{"line":55,"column":46}},"4":{"start":{"line":66,"column":8},"end":{"line":66,"column":45}},"5":{"start":{"line":76,"column":8},"end":{"line":76,"column":45}},"6":{"start":{"line":87,"column":8},"end":{"line":87,"column":75}},"7":{"start":{"line":88,"column":8},"end":{"line":88,"column":62}},"8":{"start":{"line":89,"column":8},"end":{"line":89,"column":39}},"9":{"start":{"line":97,"column":8},"end":{"line":97,"column":36}},"10":{"start":{"line":111,"column":8},"end":{"line":111,"column":35}},"11":{"start":{"line":112,"column":8},"end":{"line":112,"column":69}},"12":{"start":{"line":113,"column":8},"end":{"line":113,"column":60}},"13":{"start":{"line":121,"column":8},"end":{"line":121,"column":18}},"14":{"start":{"line":133,"column":8},"end":{"line":133,"column":49}},"15":{"start":{"line":144,"column":8},"end":{"line":144,"column":49}},"16":{"start":{"line":155,"column":8},"end":{"line":155,"column":56}},"17":{"start":{"line":156,"column":8},"end":{"line":156,"column":5401}},"18":{"start":{"line":160,"column":8},"end":{"line":160,"column":43}},"19":{"start":{"line":161,"column":8},"end":{"line":161,"column":40}},"20":{"start":{"line":165,"column":8},"end":{"line":165,"column":5664}},"21":{"start":{"line":166,"column":12},"end":{"line":166,"column":5701}},"22":{"start":{"line":171,"column":8},"end":{"line":171,"column":40}},"23":{"start":{"line":172,"column":8},"end":{"line":172,"column":72}},"24":{"start":{"line":194,"column":8},"end":{"line":194,"column":6516}}},"branchMap":{"1":{"line":87,"type":"if","locations":[{"start":{"line":87,"column":8},"end":{"line":87,"column":8}},{"start":{"line":87,"column":8},"end":{"line":87,"column":8}}]},"2":{"line":113,"type":"if","locations":[{"start":{"line":113,"column":8},"end":{"line":113,"column":8}},{"start":{"line":113,"column":8},"end":{"line":113,"column":8}}]},"3":{"line":156,"type":"if","locations":[{"start":{"line":156,"column":8},"end":{"line":156,"column":8}},{"start":{"line":156,"column":8},"end":{"line":156,"column":8}}]},"4":{"line":165,"type":"if","locations":[{"start":{"line":165,"column":8},"end":{"line":165,"column":8}},{"start":{"line":165,"column":8},"end":{"line":165,"column":8}}]},"5":{"line":166,"type":"if","locations":[{"start":{"line":166,"column":12},"end":{"line":166,"column":12}},{"start":{"line":166,"column":12},"end":{"line":166,"column":12}}]},"6":{"line":172,"type":"if","locations":[{"start":{"line":172,"column":8},"end":{"line":172,"column":8}},{"start":{"line":172,"column":8},"end":{"line":172,"column":8}}]},"7":{"line":194,"type":"if","locations":[{"start":{"line":194,"column":8},"end":{"line":194,"column":8}},{"start":{"line":194,"column":8},"end":{"line":194,"column":8}}]}}},
"contracts/XegaraNFT.sol":{"l":{"39":19,"40":18,"61":107,"62":106,"63":105,"64":104,"65":104,"66":104,"67":104,"68":104,"69":104,"70":104,"71":104,"72":104,"73":104,"84":3,"98":3,"109":27,"124":27,"135":27,"150":27,"159":3,"160":3,"161":3,"164":3,"170":3,"171":3,"184":27,"185":27,"186":27,"187":27,"192":27,"193":27,"194":27,"195":27,"196":27,"198":27,"199":27,"200":27,"201":13,"202":13,"203":13,"204":13,"205":13,"207":14,"212":14,"217":14,"223":27,"224":27,"225":27,"232":27,"234":27,"254":27,"256":27,"258":27,"259":14,"261":13,"263":27,"265":27,"266":27,"277":0,"278":0,"279":0,"295":3,"296":3,"313":15,"328":3,"347":4,"348":3,"358":4,"359":3,"368":0,"369":0,"378":0,"379":0},"path":"/home/user/Documents/projects/xegara-nft/contracts/XegaraNFT.sol","s":{"1":19,"2":107,"3":106,"4":105,"5":104,"6":104,"7":104,"8":104,"9":104,"10":104,"11":104,"12":104,"13":104,"14":104,"15":3,"16":3,"17":27,"18":27,"19":27,"20":27,"21":3,"22":3,"23":3,"24":3,"25":3,"26":3,"27":27,"28":27,"29":27,"30":27,"31":27,"32":27,"33":27,"34":27,"35":27,"36":27,"37":27,"38":27,"39":13,"40":13,"41":13,"42":13,"43":13,"44":14,"45":14,"46":14,"47":27,"48":27,"49":27,"50":27,"51":27,"52":27,"53":27,"54":27,"55":14,"56":13,"57":27,"58":27,"59":27,"60":0,"61":0,"62":0,"63":0,"64":3,"65":3,"66":15,"67":3,"68":4,"69":3,"70":4,"71":3,"72":0,"73":0,"74":0,"75":0},"b":{"1":[18,1],"2":[106,1],"3":[105,1],"4":[104,1],"5":[104,0],"6":[3,0],"7":[3,0],"8":[3,0],"9":[27,0],"10":[27,0],"11":[27,0],"12":[27,0],"13":[27,0],"14":[27,0],"15":[27,0],"16":[27,0],"17":[13,14],"18":[13,0],"19":[13,0],"20":[13,0],"21":[14,0],"22":[27,0],"23":[27,0],"24":[14,13],"25":[27,0],"26":[0,27],"27":[0,0],"28":[3,1],"29":[3,1],"30":[0,0],"31":[0,0]},"f":{"1":19,"2":107,"3":3,"4":27,"5":27,"6":3,"7":27,"8":27,"9":0,"10":3,"11":15,"12":3,"13":4,"14":4,"15":0,"16":0},"fnMap":{"1":{"name":"onlyAdmin","line":38,"loc":{"start":{"line":38,"column":4},"end":{"line":41,"column":4}}},"2":{"name":"initialize","line":60,"loc":{"start":{"line":54,"column":4},"end":{"line":74,"column":4}}},"3":{"name":"verifyNFTDetails","line":81,"loc":{"start":{"line":81,"column":4},"end":{"line":99,"column":4}}},"4":{"name":"verifyBuyDetails","line":106,"loc":{"start":{"line":106,"column":4},"end":{"line":125,"column":4}}},"5":{"name":"verifyNFTListing","line":132,"loc":{"start":{"line":132,"column":4},"end":{"line":151,"column":4}}},"6":{"name":"createToken","line":158,"loc":{"start":{"line":158,"column":4},"end":{"line":172,"column":4}}},"7":{"name":"buyToken","line":183,"loc":{"start":{"line":180,"column":4},"end":{"line":241,"column":4}}},"8":{"name":"setCounter","line":249,"loc":{"start":{"line":249,"column":4},"end":{"line":267,"column":4}}},"9":{"name":"resetVoucherCounter","line":274,"loc":{"start":{"line":274,"column":4},"end":{"line":280,"column":4}}},"10":{"name":"_mint","line":289,"loc":{"start":{"line":289,"column":4},"end":{"line":297,"column":4}}},"11":{"name":"mintBatch","line":312,"loc":{"start":{"line":307,"column":4},"end":{"line":314,"column":4}}},"12":{"name":"safeBurn","line":327,"loc":{"start":{"line":323,"column":4},"end":{"line":329,"column":4}}},"13":{"name":"safeTransferFrom","line":340,"loc":{"start":{"line":340,"column":4},"end":{"line":349,"column":4}}},"14":{"name":"tokenSupply","line":357,"loc":{"start":{"line":357,"column":4},"end":{"line":360,"column":4}}},"15":{"name":"updateFactory","line":367,"loc":{"start":{"line":367,"column":4},"end":{"line":370,"column":4}}},"16":{"name":"updatePlatformFee","line":377,"loc":{"start":{"line":377,"column":4},"end":{"line":380,"column":4}}}},"statementMap":{"1":{"start":{"line":39,"column":8},"end":{"line":39,"column":48}},"2":{"start":{"line":61,"column":8},"end":{"line":61,"column":40}},"3":{"start":{"line":62,"column":8},"end":{"line":62,"column":45}},"4":{"start":{"line":63,"column":8},"end":{"line":63,"column":60}},"5":{"start":{"line":64,"column":8},"end":{"line":64,"column":38}},"6":{"start":{"line":65,"column":8},"end":{"line":65,"column":37}},"7":{"start":{"line":66,"column":8},"end":{"line":66,"column":43}},"8":{"start":{"line":67,"column":8},"end":{"line":67,"column":49}},"9":{"start":{"line":68,"column":8},"end":{"line":68,"column":33}},"10":{"start":{"line":69,"column":8},"end":{"line":69,"column":41}},"11":{"start":{"line":70,"column":8},"end":{"line":70,"column":55}},"12":{"start":{"line":71,"column":8},"end":{"line":71,"column":35}},"13":{"start":{"line":72,"column":8},"end":{"line":72,"column":33}},"14":{"start":{"line":73,"column":8},"end":{"line":73,"column":21}},"15":{"start":{"line":84,"column":8},"end":{"line":84,"column":3287}},"16":{"start":{"line":98,"column":8},"end":{"line":98,"column":72}},"17":{"start":{"line":109,"column":8},"end":{"line":109,"column":4122}},"18":{"start":{"line":124,"column":8},"end":{"line":124,"column":72}},"19":{"start":{"line":135,"column":8},"end":{"line":135,"column":5020}},"20":{"start":{"line":150,"column":8},"end":{"line":150,"column":75}},"21":{"start":{"line":159,"column":8},"end":{"line":159,"column":52}},"22":{"start":{"line":160,"column":8},"end":{"line":160,"column":57}},"23":{"start":{"line":161,"column":8},"end":{"line":161,"column":6088}},"24":{"start":{"line":164,"column":12},"end":{"line":164,"column":6202}},"25":{"start":{"line":170,"column":8},"end":{"line":170,"column":78}},"26":{"start":{"line":171,"column":8},"end":{"line":171,"column":46}},"27":{"start":{"line":184,"column":8},"end":{"line":184,"column":77}},"28":{"start":{"line":185,"column":8},"end":{"line":185,"column":54}},"29":{"start":{"line":186,"column":8},"end":{"line":186,"column":56}},"30":{"start":{"line":187,"column":8},"end":{"line":187,"column":7184}},"31":{"start":{"line":192,"column":8},"end":{"line":192,"column":47}},"32":{"start":{"line":193,"column":8},"end":{"line":193,"column":61}},"33":{"start":{"line":194,"column":8},"end":{"line":194,"column":52}},"34":{"start":{"line":195,"column":8},"end":{"line":195,"column":72}},"35":{"start":{"line":196,"column":8},"end":{"line":196,"column":76}},"36":{"start":{"line":198,"column":8},"end":{"line":198,"column":75}},"37":{"start":{"line":199,"column":8},"end":{"line":199,"column":56}},"38":{"start":{"line":200,"column":8},"end":{"line":200,"column":7909}},"39":{"start":{"line":201,"column":12},"end":{"line":201,"column":49}},"40":{"start":{"line":202,"column":12},"end":{"line":202,"column":75}},"41":{"start":{"line":203,"column":12},"end":{"line":203,"column":42}},"42":{"start":{"line":204,"column":12},"end":{"line":204,"column":60}},"43":{"start":{"line":205,"column":12},"end":{"line":205,"column":45}},"44":{"start":{"line":207,"column":12},"end":{"line":207,"column":8337}},"45":{"start":{"line":212,"column":12},"end":{"line":212,"column":8527}},"46":{"start":{"line":217,"column":12},"end":{"line":217,"column":8701}},"47":{"start":{"line":223,"column":8},"end":{"line":223,"column":8852}},"48":{"start":{"line":224,"column":12},"end":{"line":224,"column":78}},"49":{"start":{"line":225,"column":12},"end":{"line":225,"column":9017}},"50":{"start":{"line":232,"column":8},"end":{"line":232,"column":51}},"51":{"start":{"line":234,"column":8},"end":{"line":234,"column":9235}},"52":{"start":{"line":254,"column":8},"end":{"line":254,"column":63}},"53":{"start":{"line":256,"column":8},"end":{"line":256,"column":61}},"54":{"start":{"line":258,"column":8},"end":{"line":258,"column":9989}},"55":{"start":{"line":259,"column":12},"end":{"line":259,"column":60}},"56":{"start":{"line":261,"column":12},"end":{"line":261,"column":50}},"57":{"start":{"line":263,"column":8},"end":{"line":263,"column":39}},"58":{"start":{"line":265,"column":8},"end":{"line":265,"column":52}},"59":{"start":{"line":266,"column":8},"end":{"line":266,"column":77}},"60":{"start":{"line":266,"column":30},"end":{"line":266,"column":76}},"61":{"start":{"line":277,"column":8},"end":{"line":277,"column":53}},"62":{"start":{"line":278,"column":8},"end":{"line":278,"column":42}},"63":{"start":{"line":279,"column":8},"end":{"line":279,"column":54}},"64":{"start":{"line":295,"column":8},"end":{"line":295,"column":27}},"65":{"start":{"line":296,"column":8},"end":{"line":296,"column":40}},"66":{"start":{"line":313,"column":8},"end":{"line":313,"column":41}},"67":{"start":{"line":328,"column":8},"end":{"line":328,"column":30}},"68":{"start":{"line":347,"column":8},"end":{"line":347,"column":41}},"69":{"start":{"line":348,"column":8},"end":{"line":348,"column":57}},"70":{"start":{"line":358,"column":8},"end":{"line":358,"column":43}},"71":{"start":{"line":359,"column":8},"end":{"line":359,"column":30}},"72":{"start":{"line":368,"column":8},"end":{"line":368,"column":44}},"73":{"start":{"line":369,"column":8},"end":{"line":369,"column":35}},"74":{"start":{"line":378,"column":8},"end":{"line":378,"column":33}},"75":{"start":{"line":379,"column":8},"end":{"line":379,"column":28}}},"branchMap":{"1":{"line":39,"type":"if","locations":[{"start":{"line":39,"column":8},"end":{"line":39,"column":8}},{"start":{"line":39,"column":8},"end":{"line":39,"column":8}}]},"2":{"line":61,"type":"if","locations":[{"start":{"line":61,"column":8},"end":{"line":61,"column":8}},{"start":{"line":61,"column":8},"end":{"line":61,"column":8}}]},"3":{"line":62,"type":"if","locations":[{"start":{"line":62,"column":8},"end":{"line":62,"column":8}},{"start":{"line":62,"column":8},"end":{"line":62,"column":8}}]},"4":{"line":63,"type":"if","locations":[{"start":{"line":63,"column":8},"end":{"line":63,"column":8}},{"start":{"line":63,"column":8},"end":{"line":63,"column":8}}]},"5":{"line":64,"type":"if","locations":[{"start":{"line":64,"column":8},"end":{"line":64,"column":8}},{"start":{"line":64,"column":8},"end":{"line":64,"column":8}}]},"6":{"line":159,"type":"if","locations":[{"start":{"line":159,"column":8},"end":{"line":159,"column":8}},{"start":{"line":159,"column":8},"end":{"line":159,"column":8}}]},"7":{"line":160,"type":"if","locations":[{"start":{"line":160,"column":8},"end":{"line":160,"column":8}},{"start":{"line":160,"column":8},"end":{"line":160,"column":8}}]},"8":{"line":161,"type":"if","locations":[{"start":{"line":161,"column":8},"end":{"line":161,"column":8}},{"start":{"line":161,"column":8},"end":{"line":161,"column":8}}]},"9":{"line":184,"type":"if","locations":[{"start":{"line":184,"column":8},"end":{"line":184,"column":8}},{"start":{"line":184,"column":8},"end":{"line":184,"column":8}}]},"10":{"line":185,"type":"if","locations":[{"start":{"line":185,"column":8},"end":{"line":185,"column":8}},{"start":{"line":185,"column":8},"end":{"line":185,"column":8}}]},"11":{"line":186,"type":"if","locations":[{"start":{"line":186,"column":8},"end":{"line":186,"column":8}},{"start":{"line":186,"column":8},"end":{"line":186,"column":8}}]},"12":{"line":187,"type":"if","locations":[{"start":{"line":187,"column":8},"end":{"line":187,"column":8}},{"start":{"line":187,"column":8},"end":{"line":187,"column":8}}]},"13":{"line":192,"type":"if","locations":[{"start":{"line":192,"column":8},"end":{"line":192,"column":8}},{"start":{"line":192,"column":8},"end":{"line":192,"column":8}}]},"14":{"line":193,"type":"if","locations":[{"start":{"line":193,"column":8},"end":{"line":193,"column":8}},{"start":{"line":193,"column":8},"end":{"line":193,"column":8}}]},"15":{"line":195,"type":"if","locations":[{"start":{"line":195,"column":8},"end":{"line":195,"column":8}},{"start":{"line":195,"column":8},"end":{"line":195,"column":8}}]},"16":{"line":196,"type":"if","locations":[{"start":{"line":196,"column":8},"end":{"line":196,"column":8}},{"start":{"line":196,"column":8},"end":{"line":196,"column":8}}]},"17":{"line":200,"type":"if","locations":[{"start":{"line":200,"column":8},"end":{"line":200,"column":8}},{"start":{"line":200,"column":8},"end":{"line":200,"column":8}}]},"18":{"line":201,"type":"if","locations":[{"start":{"line":201,"column":12},"end":{"line":201,"column":12}},{"start":{"line":201,"column":12},"end":{"line":201,"column":12}}]},"19":{"line":203,"type":"if","locations":[{"start":{"line":203,"column":12},"end":{"line":203,"column":12}},{"start":{"line":203,"column":12},"end":{"line":203,"column":12}}]},"20":{"line":205,"type":"if","locations":[{"start":{"line":205,"column":12},"end":{"line":205,"column":12}},{"start":{"line":205,"column":12},"end":{"line":205,"column":12}}]},"21":{"line":207,"type":"if","locations":[{"start":{"line":207,"column":12},"end":{"line":207,"column":12}},{"start":{"line":207,"column":12},"end":{"line":207,"column":12}}]},"22":{"line":223,"type":"if","locations":[{"start":{"line":223,"column":8},"end":{"line":223,"column":8}},{"start":{"line":223,"column":8},"end":{"line":223,"column":8}}]},"23":{"line":254,"type":"if","locations":[{"start":{"line":254,"column":8},"end":{"line":254,"column":8}},{"start":{"line":254,"column":8},"end":{"line":254,"column":8}}]},"24":{"line":258,"type":"if","locations":[{"start":{"line":258,"column":8},"end":{"line":258,"column":8}},{"start":{"line":258,"column":8},"end":{"line":258,"column":8}}]},"25":{"line":263,"type":"if","locations":[{"start":{"line":263,"column":8},"end":{"line":263,"column":8}},{"start":{"line":263,"column":8},"end":{"line":263,"column":8}}]},"26":{"line":266,"type":"if","locations":[{"start":{"line":266,"column":8},"end":{"line":266,"column":8}},{"start":{"line":266,"column":8},"end":{"line":266,"column":8}}]},"27":{"line":277,"type":"if","locations":[{"start":{"line":277,"column":8},"end":{"line":277,"column":8}},{"start":{"line":277,"column":8},"end":{"line":277,"column":8}}]},"28":{"line":347,"type":"if","locations":[{"start":{"line":347,"column":8},"end":{"line":347,"column":8}},{"start":{"line":347,"column":8},"end":{"line":347,"column":8}}]},"29":{"line":358,"type":"if","locations":[{"start":{"line":358,"column":8},"end":{"line":358,"column":8}},{"start":{"line":358,"column":8},"end":{"line":358,"column":8}}]},"30":{"line":368,"type":"if","locations":[{"start":{"line":368,"column":8},"end":{"line":368,"column":8}},{"start":{"line":368,"column":8},"end":{"line":368,"column":8}}]},"31":{"line":378,"type":"if","locations":[{"start":{"line":378,"column":8},"end":{"line":378,"column":8}},{"start":{"line":378,"column":8},"end":{"line":378,"column":8}}]}}}}
